  Example1.cpp
D:\OpenGL_HW_ShowRoom\OpenGL_HW\Open_Final\OpenGL_5\Example1.cpp(227,28): warning C4305: '引數': 從 'double' 轉換為 'GLfloat'，是由較大的類型轉換為較小的類型，可能導致資料遺失
D:\OpenGL_HW_ShowRoom\OpenGL_HW\Open_Final\OpenGL_5\Example1.cpp(333,33): warning C4305: '引數': 從 'double' 轉換為 'GLfloat'，是由較大的類型轉換為較小的類型，可能導致資料遺失
D:\OpenGL_HW_ShowRoom\OpenGL_HW\Open_Final\OpenGL_5\Example1.cpp(336,23): warning C4305: '引數': 從 'double' 轉換為 'GLfloat'，是由較大的類型轉換為較小的類型，可能導致資料遺失
D:\OpenGL_HW_ShowRoom\OpenGL_HW\Open_Final\OpenGL_5\Example1.cpp(350,31): warning C4305: '引數': 從 'double' 轉換為 'GLfloat'，是由較大的類型轉換為較小的類型，可能導致資料遺失
D:\OpenGL_HW_ShowRoom\OpenGL_HW\Open_Final\OpenGL_5\Example1.cpp(988,96): warning C4305: '引數': 從 'double' 轉換為 'GLfloat'，是由較大的類型轉換為較小的類型，可能導致資料遺失
D:\OpenGL_HW_ShowRoom\OpenGL_HW\Open_Final\OpenGL_5\Example1.cpp(1246,45): warning C4305: '引數': 從 'double' 轉換為 'float'，是由較大的類型轉換為較小的類型，可能導致資料遺失
D:\OpenGL_HW_ShowRoom\OpenGL_HW\Open_Final\OpenGL_5\Example1.cpp(1260,47): warning C4305: '引數': 從 'double' 轉換為 'float'，是由較大的類型轉換為較小的類型，可能導致資料遺失
D:\OpenGL_HW_ShowRoom\OpenGL_HW\Open_Final\OpenGL_5\Example1.cpp(1277,48): warning C4305: '引數': 從 'double' 轉換為 'float'，是由較大的類型轉換為較小的類型，可能導致資料遺失
D:\OpenGL_HW_ShowRoom\OpenGL_HW\Open_Final\OpenGL_5\Example1.cpp(1291,49): warning C4305: '引數': 從 'double' 轉換為 'float'，是由較大的類型轉換為較小的類型，可能導致資料遺失
D:\OpenGL_HW_ShowRoom\OpenGL_HW\Open_Final\OpenGL_5\Example1.cpp(1304,49): warning C4305: '引數': 從 'double' 轉換為 'float'，是由較大的類型轉換為較小的類型，可能導致資料遺失
D:\OpenGL_HW_ShowRoom\OpenGL_HW\Open_Final\OpenGL_5\Example1.cpp(1317,48): warning C4305: '引數': 從 'double' 轉換為 'float'，是由較大的類型轉換為較小的類型，可能導致資料遺失
D:\OpenGL_HW_ShowRoom\OpenGL_HW\Open_Final\OpenGL_5\Example1.cpp(1524,43): warning C4244: '引數': 將 'float' 轉換為 'const int'，由於類型不同，可能導致資料遺失
D:\OpenGL_HW_ShowRoom\OpenGL_HW\Open_Final\OpenGL_5\Example1.cpp(1524,36): warning C4244: '引數': 將 'float' 轉換為 'const int'，由於類型不同，可能導致資料遺失
D:\OpenGL_HW_ShowRoom\OpenGL_HW\Open_Final\OpenGL_5\Example1.cpp(1651,42): warning C4244: '引數': 將 'float' 轉換為 'const int'，由於類型不同，可能導致資料遺失
D:\OpenGL_HW_ShowRoom\OpenGL_HW\Open_Final\OpenGL_5\Example1.cpp(1651,35): warning C4244: '引數': 將 'float' 轉換為 'const int'，由於類型不同，可能導致資料遺失
D:\OpenGL_HW_ShowRoom\OpenGL_HW\Open_Final\OpenGL_5\Example1.cpp(1663,40): warning C4244: '引數': 將 'float' 轉換為 'const int'，由於類型不同，可能導致資料遺失
D:\OpenGL_HW_ShowRoom\OpenGL_HW\Open_Final\OpenGL_5\Example1.cpp(1663,33): warning C4244: '引數': 將 'float' 轉換為 'const int'，由於類型不同，可能導致資料遺失
D:\OpenGL_HW_ShowRoom\OpenGL_HW\Open_Final\OpenGL_5\Example1.cpp(1676,41): warning C4244: '引數': 將 'float' 轉換為 'const int'，由於類型不同，可能導致資料遺失
D:\OpenGL_HW_ShowRoom\OpenGL_HW\Open_Final\OpenGL_5\Example1.cpp(1676,34): warning C4244: '引數': 將 'float' 轉換為 'const int'，由於類型不同，可能導致資料遺失
D:\OpenGL_HW_ShowRoom\OpenGL_HW\Open_Final\OpenGL_5\Example1.cpp(1689,43): warning C4244: '引數': 將 'float' 轉換為 'const int'，由於類型不同，可能導致資料遺失
D:\OpenGL_HW_ShowRoom\OpenGL_HW\Open_Final\OpenGL_5\Example1.cpp(1689,36): warning C4244: '引數': 將 'float' 轉換為 'const int'，由於類型不同，可能導致資料遺失
D:\OpenGL_HW_ShowRoom\OpenGL_HW\Open_Final\OpenGL_5\Example1.cpp(2084,42): warning C4305: '=': 從 'double' 轉換為 'GLfloat'，是由較大的類型轉換為較小的類型，可能導致資料遺失
D:\OpenGL_HW_ShowRoom\OpenGL_HW\Open_Final\OpenGL_5\Example1.cpp(2193,40): warning C4244: '=': 將 'double' 轉換為 'float'，由於類型不同，可能導致資料遺失
D:\OpenGL_HW_ShowRoom\OpenGL_HW\Open_Final\OpenGL_5\Example1.cpp(2208,31): warning C4305: '+=': 從 'double' 轉換為 'float'，是由較大的類型轉換為較小的類型，可能導致資料遺失
  SOIL.lib(SOIL.obj) : 找到 MSIL .netmodule 或以 /GL 編譯的模組。請以 /LTCG 重新啟動連結，將 /LTCG 加入連結命令列以提升連結器效能
LINK : warning LNK4075: 忽略 '/INCREMENTAL'，由於 '/LTCG' 規格
LINK : warning LNK4098: 預設的程式庫 'MSVCRT' 與其他使用的程式庫衝突，請使用 /NODEFAULTLIB:library
  正在產生程式碼
  已完成程式碼產生
SOIL.lib(SOIL.obj) : warning LNK4099: 找不到 PDB 'vc110.pdb' (有 'SOIL.lib(SOIL.obj)' 或位於 'D:\OpenGL_HW_ShowRoom\OpenGL_HW\Open_Final\Debug\vc110.pdb')，當做沒有偵錯資訊，連結物件
SOIL.lib(stb_image_aug.obj) : warning LNK4099: 找不到 PDB 'vc110.pdb' (有 'SOIL.lib(stb_image_aug.obj)' 或位於 'D:\OpenGL_HW_ShowRoom\OpenGL_HW\Open_Final\Debug\vc110.pdb')，當做沒有偵錯資訊，連結物件
SOIL.lib(image_helper.obj) : warning LNK4099: 找不到 PDB 'vc110.pdb' (有 'SOIL.lib(image_helper.obj)' 或位於 'D:\OpenGL_HW_ShowRoom\OpenGL_HW\Open_Final\Debug\vc110.pdb')，當做沒有偵錯資訊，連結物件
SOIL.lib(image_DXT.obj) : warning LNK4099: 找不到 PDB 'vc110.pdb' (有 'SOIL.lib(image_DXT.obj)' 或位於 'D:\OpenGL_HW_ShowRoom\OpenGL_HW\Open_Final\Debug\vc110.pdb')，當做沒有偵錯資訊，連結物件
  OpenGL_5.vcxproj -> D:\OpenGL_HW_ShowRoom\OpenGL_HW\Open_Final\Debug\OpenGL_5.exe
