d:\opengl_hw_showroom\opengl_hw\open_final\opengl_5\debug\vc142.pdb
d:\opengl_hw_showroom\opengl_hw\open_final\opengl_5\debug\vc142.idb
d:\opengl_hw_showroom\opengl_hw\open_final\opengl_5\debug\room_init.obj
d:\opengl_hw_showroom\opengl_hw\open_final\opengl_5\debug\png_loader.obj
d:\opengl_hw_showroom\opengl_hw\open_final\opengl_5\debug\initshader.obj
d:\opengl_hw_showroom\opengl_hw\open_final\opengl_5\debug\example1.obj
d:\opengl_hw_showroom\opengl_hw\open_final\opengl_5\debug\timer.obj
d:\opengl_hw_showroom\opengl_hw\open_final\opengl_5\debug\test.obj
d:\opengl_hw_showroom\opengl_hw\open_final\opengl_5\debug\csolidcube.obj
d:\opengl_hw_showroom\opengl_hw\open_final\opengl_5\debug\csmoothquad.obj
d:\opengl_hw_showroom\opengl_hw\open_final\opengl_5\debug\cshape.obj
d:\opengl_hw_showroom\opengl_hw\open_final\opengl_5\debug\cquad.obj
d:\opengl_hw_showroom\opengl_hw\open_final\opengl_5\debug\common.obj
d:\opengl_hw_showroom\opengl_hw\open_final\opengl_5\debug\clinesegment.obj
d:\opengl_hw_showroom\opengl_hw\open_final\opengl_5\debug\ccamera.obj
d:\opengl_hw_showroom\opengl_hw\open_final\opengl_5\debug\c2dbtn.obj
d:\opengl_hw_showroom\opengl_hw\open_final\opengl_5\debug\cobj_loader.obj
d:\opengl_hw_showroom\opengl_hw\open_final\opengl_5\debug\ctexturepool.obj
d:\opengl_hw_showroom\opengl_hw\open_final\opengl_5\debug\csolidsphere.obj
d:\opengl_hw_showroom\opengl_hw\open_final\opengl_5\debug\cobjreader.obj
d:\opengl_hw_showroom\opengl_hw\open_final\debug\opengl_5.exe
d:\opengl_hw_showroom\opengl_hw\open_final\debug\opengl_5.pdb
d:\opengl_hw_showroom\opengl_hw\open_final\opengl_5\debug\opengl_5.tlog\cl.command.1.tlog
d:\opengl_hw_showroom\opengl_hw\open_final\opengl_5\debug\opengl_5.tlog\cl.read.1.tlog
d:\opengl_hw_showroom\opengl_hw\open_final\opengl_5\debug\opengl_5.tlog\cl.write.1.tlog
d:\opengl_hw_showroom\opengl_hw\open_final\opengl_5\debug\opengl_5.tlog\link.10280.delete.1.tlog
d:\opengl_hw_showroom\opengl_hw\open_final\opengl_5\debug\opengl_5.tlog\link.1032.delete.1.tlog
d:\opengl_hw_showroom\opengl_hw\open_final\opengl_5\debug\opengl_5.tlog\link.10420.delete.1.tlog
d:\opengl_hw_showroom\opengl_hw\open_final\opengl_5\debug\opengl_5.tlog\link.10592.delete.1.tlog
d:\opengl_hw_showroom\opengl_hw\open_final\opengl_5\debug\opengl_5.tlog\link.10672.delete.1.tlog
d:\opengl_hw_showroom\opengl_hw\open_final\opengl_5\debug\opengl_5.tlog\link.10788.delete.1.tlog
d:\opengl_hw_showroom\opengl_hw\open_final\opengl_5\debug\opengl_5.tlog\link.10800.delete.1.tlog
d:\opengl_hw_showroom\opengl_hw\open_final\opengl_5\debug\opengl_5.tlog\link.10952.delete.1.tlog
d:\opengl_hw_showroom\opengl_hw\open_final\opengl_5\debug\opengl_5.tlog\link.1100.delete.1.tlog
d:\opengl_hw_showroom\opengl_hw\open_final\opengl_5\debug\opengl_5.tlog\link.11112.delete.1.tlog
d:\opengl_hw_showroom\opengl_hw\open_final\opengl_5\debug\opengl_5.tlog\link.1112.delete.1.tlog
d:\opengl_hw_showroom\opengl_hw\open_final\opengl_5\debug\opengl_5.tlog\link.11144.delete.1.tlog
d:\opengl_hw_showroom\opengl_hw\open_final\opengl_5\debug\opengl_5.tlog\link.11284.delete.1.tlog
d:\opengl_hw_showroom\opengl_hw\open_final\opengl_5\debug\opengl_5.tlog\link.11508.delete.1.tlog
d:\opengl_hw_showroom\opengl_hw\open_final\opengl_5\debug\opengl_5.tlog\link.11548.delete.1.tlog
d:\opengl_hw_showroom\opengl_hw\open_final\opengl_5\debug\opengl_5.tlog\link.11608.delete.1.tlog
d:\opengl_hw_showroom\opengl_hw\open_final\opengl_5\debug\opengl_5.tlog\link.11640.delete.1.tlog
d:\opengl_hw_showroom\opengl_hw\open_final\opengl_5\debug\opengl_5.tlog\link.11680.delete.1.tlog
d:\opengl_hw_showroom\opengl_hw\open_final\opengl_5\debug\opengl_5.tlog\link.11684.delete.1.tlog
d:\opengl_hw_showroom\opengl_hw\open_final\opengl_5\debug\opengl_5.tlog\link.1172.delete.1.tlog
d:\opengl_hw_showroom\opengl_hw\open_final\opengl_5\debug\opengl_5.tlog\link.11748.delete.1.tlog
d:\opengl_hw_showroom\opengl_hw\open_final\opengl_5\debug\opengl_5.tlog\link.11868.delete.1.tlog
d:\opengl_hw_showroom\opengl_hw\open_final\opengl_5\debug\opengl_5.tlog\link.11924.delete.1.tlog
d:\opengl_hw_showroom\opengl_hw\open_final\opengl_5\debug\opengl_5.tlog\link.12352.delete.1.tlog
d:\opengl_hw_showroom\opengl_hw\open_final\opengl_5\debug\opengl_5.tlog\link.1240.delete.1.tlog
d:\opengl_hw_showroom\opengl_hw\open_final\opengl_5\debug\opengl_5.tlog\link.12480.delete.1.tlog
d:\opengl_hw_showroom\opengl_hw\open_final\opengl_5\debug\opengl_5.tlog\link.12504.delete.1.tlog
d:\opengl_hw_showroom\opengl_hw\open_final\opengl_5\debug\opengl_5.tlog\link.12620.delete.1.tlog
d:\opengl_hw_showroom\opengl_hw\open_final\opengl_5\debug\opengl_5.tlog\link.12636.delete.1.tlog
d:\opengl_hw_showroom\opengl_hw\open_final\opengl_5\debug\opengl_5.tlog\link.12764.delete.1.tlog
d:\opengl_hw_showroom\opengl_hw\open_final\opengl_5\debug\opengl_5.tlog\link.12816.delete.1.tlog
d:\opengl_hw_showroom\opengl_hw\open_final\opengl_5\debug\opengl_5.tlog\link.12820.delete.1.tlog
d:\opengl_hw_showroom\opengl_hw\open_final\opengl_5\debug\opengl_5.tlog\link.12884.delete.1.tlog
d:\opengl_hw_showroom\opengl_hw\open_final\opengl_5\debug\opengl_5.tlog\link.12892.delete.1.tlog
d:\opengl_hw_showroom\opengl_hw\open_final\opengl_5\debug\opengl_5.tlog\link.12916.delete.1.tlog
d:\opengl_hw_showroom\opengl_hw\open_final\opengl_5\debug\opengl_5.tlog\link.12944.delete.1.tlog
d:\opengl_hw_showroom\opengl_hw\open_final\opengl_5\debug\opengl_5.tlog\link.12956.delete.1.tlog
d:\opengl_hw_showroom\opengl_hw\open_final\opengl_5\debug\opengl_5.tlog\link.13060.delete.1.tlog
d:\opengl_hw_showroom\opengl_hw\open_final\opengl_5\debug\opengl_5.tlog\link.13068.delete.1.tlog
d:\opengl_hw_showroom\opengl_hw\open_final\opengl_5\debug\opengl_5.tlog\link.13144.delete.1.tlog
d:\opengl_hw_showroom\opengl_hw\open_final\opengl_5\debug\opengl_5.tlog\link.13168.delete.1.tlog
d:\opengl_hw_showroom\opengl_hw\open_final\opengl_5\debug\opengl_5.tlog\link.13296.delete.1.tlog
d:\opengl_hw_showroom\opengl_hw\open_final\opengl_5\debug\opengl_5.tlog\link.13384.delete.1.tlog
d:\opengl_hw_showroom\opengl_hw\open_final\opengl_5\debug\opengl_5.tlog\link.13396.delete.1.tlog
d:\opengl_hw_showroom\opengl_hw\open_final\opengl_5\debug\opengl_5.tlog\link.13456.delete.1.tlog
d:\opengl_hw_showroom\opengl_hw\open_final\opengl_5\debug\opengl_5.tlog\link.13552.delete.1.tlog
d:\opengl_hw_showroom\opengl_hw\open_final\opengl_5\debug\opengl_5.tlog\link.13576.delete.1.tlog
d:\opengl_hw_showroom\opengl_hw\open_final\opengl_5\debug\opengl_5.tlog\link.1364.delete.1.tlog
d:\opengl_hw_showroom\opengl_hw\open_final\opengl_5\debug\opengl_5.tlog\link.13768.delete.1.tlog
d:\opengl_hw_showroom\opengl_hw\open_final\opengl_5\debug\opengl_5.tlog\link.13840.delete.1.tlog
d:\opengl_hw_showroom\opengl_hw\open_final\opengl_5\debug\opengl_5.tlog\link.13984.delete.1.tlog
d:\opengl_hw_showroom\opengl_hw\open_final\opengl_5\debug\opengl_5.tlog\link.14192.delete.1.tlog
d:\opengl_hw_showroom\opengl_hw\open_final\opengl_5\debug\opengl_5.tlog\link.14256.delete.1.tlog
d:\opengl_hw_showroom\opengl_hw\open_final\opengl_5\debug\opengl_5.tlog\link.14272.delete.1.tlog
d:\opengl_hw_showroom\opengl_hw\open_final\opengl_5\debug\opengl_5.tlog\link.14288.delete.1.tlog
d:\opengl_hw_showroom\opengl_hw\open_final\opengl_5\debug\opengl_5.tlog\link.14320.delete.1.tlog
d:\opengl_hw_showroom\opengl_hw\open_final\opengl_5\debug\opengl_5.tlog\link.14356.delete.1.tlog
d:\opengl_hw_showroom\opengl_hw\open_final\opengl_5\debug\opengl_5.tlog\link.14492.delete.1.tlog
d:\opengl_hw_showroom\opengl_hw\open_final\opengl_5\debug\opengl_5.tlog\link.1452.delete.1.tlog
d:\opengl_hw_showroom\opengl_hw\open_final\opengl_5\debug\opengl_5.tlog\link.14768.delete.1.tlog
d:\opengl_hw_showroom\opengl_hw\open_final\opengl_5\debug\opengl_5.tlog\link.14820.delete.1.tlog
d:\opengl_hw_showroom\opengl_hw\open_final\opengl_5\debug\opengl_5.tlog\link.14828.delete.1.tlog
d:\opengl_hw_showroom\opengl_hw\open_final\opengl_5\debug\opengl_5.tlog\link.15004.delete.1.tlog
d:\opengl_hw_showroom\opengl_hw\open_final\opengl_5\debug\opengl_5.tlog\link.15016.delete.1.tlog
d:\opengl_hw_showroom\opengl_hw\open_final\opengl_5\debug\opengl_5.tlog\link.1504.delete.1.tlog
d:\opengl_hw_showroom\opengl_hw\open_final\opengl_5\debug\opengl_5.tlog\link.15064.delete.1.tlog
d:\opengl_hw_showroom\opengl_hw\open_final\opengl_5\debug\opengl_5.tlog\link.15076.delete.1.tlog
d:\opengl_hw_showroom\opengl_hw\open_final\opengl_5\debug\opengl_5.tlog\link.15116.delete.1.tlog
d:\opengl_hw_showroom\opengl_hw\open_final\opengl_5\debug\opengl_5.tlog\link.15200.delete.1.tlog
d:\opengl_hw_showroom\opengl_hw\open_final\opengl_5\debug\opengl_5.tlog\link.15224.delete.1.tlog
d:\opengl_hw_showroom\opengl_hw\open_final\opengl_5\debug\opengl_5.tlog\link.15244.delete.1.tlog
d:\opengl_hw_showroom\opengl_hw\open_final\opengl_5\debug\opengl_5.tlog\link.15248.delete.1.tlog
d:\opengl_hw_showroom\opengl_hw\open_final\opengl_5\debug\opengl_5.tlog\link.15316.delete.1.tlog
d:\opengl_hw_showroom\opengl_hw\open_final\opengl_5\debug\opengl_5.tlog\link.15328.delete.1.tlog
d:\opengl_hw_showroom\opengl_hw\open_final\opengl_5\debug\opengl_5.tlog\link.15508.delete.1.tlog
d:\opengl_hw_showroom\opengl_hw\open_final\opengl_5\debug\opengl_5.tlog\link.15584.delete.1.tlog
d:\opengl_hw_showroom\opengl_hw\open_final\opengl_5\debug\opengl_5.tlog\link.15704.delete.1.tlog
d:\opengl_hw_showroom\opengl_hw\open_final\opengl_5\debug\opengl_5.tlog\link.16104.delete.1.tlog
d:\opengl_hw_showroom\opengl_hw\open_final\opengl_5\debug\opengl_5.tlog\link.16108.delete.1.tlog
d:\opengl_hw_showroom\opengl_hw\open_final\opengl_5\debug\opengl_5.tlog\link.16136.delete.1.tlog
d:\opengl_hw_showroom\opengl_hw\open_final\opengl_5\debug\opengl_5.tlog\link.1616.delete.1.tlog
d:\opengl_hw_showroom\opengl_hw\open_final\opengl_5\debug\opengl_5.tlog\link.16228.delete.1.tlog
d:\opengl_hw_showroom\opengl_hw\open_final\opengl_5\debug\opengl_5.tlog\link.16236.delete.1.tlog
d:\opengl_hw_showroom\opengl_hw\open_final\opengl_5\debug\opengl_5.tlog\link.16344.delete.1.tlog
d:\opengl_hw_showroom\opengl_hw\open_final\opengl_5\debug\opengl_5.tlog\link.16348.delete.1.tlog
d:\opengl_hw_showroom\opengl_hw\open_final\opengl_5\debug\opengl_5.tlog\link.16452.delete.1.tlog
d:\opengl_hw_showroom\opengl_hw\open_final\opengl_5\debug\opengl_5.tlog\link.16476.delete.1.tlog
d:\opengl_hw_showroom\opengl_hw\open_final\opengl_5\debug\opengl_5.tlog\link.16568.delete.1.tlog
d:\opengl_hw_showroom\opengl_hw\open_final\opengl_5\debug\opengl_5.tlog\link.16592.delete.1.tlog
d:\opengl_hw_showroom\opengl_hw\open_final\opengl_5\debug\opengl_5.tlog\link.16612.delete.1.tlog
d:\opengl_hw_showroom\opengl_hw\open_final\opengl_5\debug\opengl_5.tlog\link.16676.delete.1.tlog
d:\opengl_hw_showroom\opengl_hw\open_final\opengl_5\debug\opengl_5.tlog\link.16680.delete.1.tlog
d:\opengl_hw_showroom\opengl_hw\open_final\opengl_5\debug\opengl_5.tlog\link.16728.delete.1.tlog
d:\opengl_hw_showroom\opengl_hw\open_final\opengl_5\debug\opengl_5.tlog\link.16764.delete.1.tlog
d:\opengl_hw_showroom\opengl_hw\open_final\opengl_5\debug\opengl_5.tlog\link.16776.delete.1.tlog
d:\opengl_hw_showroom\opengl_hw\open_final\opengl_5\debug\opengl_5.tlog\link.16784.delete.1.tlog
d:\opengl_hw_showroom\opengl_hw\open_final\opengl_5\debug\opengl_5.tlog\link.16844.delete.1.tlog
d:\opengl_hw_showroom\opengl_hw\open_final\opengl_5\debug\opengl_5.tlog\link.16848.delete.1.tlog
d:\opengl_hw_showroom\opengl_hw\open_final\opengl_5\debug\opengl_5.tlog\link.16880.delete.1.tlog
d:\opengl_hw_showroom\opengl_hw\open_final\opengl_5\debug\opengl_5.tlog\link.1704.delete.1.tlog
d:\opengl_hw_showroom\opengl_hw\open_final\opengl_5\debug\opengl_5.tlog\link.17064.delete.1.tlog
d:\opengl_hw_showroom\opengl_hw\open_final\opengl_5\debug\opengl_5.tlog\link.17132.delete.1.tlog
d:\opengl_hw_showroom\opengl_hw\open_final\opengl_5\debug\opengl_5.tlog\link.17316.delete.1.tlog
d:\opengl_hw_showroom\opengl_hw\open_final\opengl_5\debug\opengl_5.tlog\link.17384.delete.1.tlog
d:\opengl_hw_showroom\opengl_hw\open_final\opengl_5\debug\opengl_5.tlog\link.17424.delete.1.tlog
d:\opengl_hw_showroom\opengl_hw\open_final\opengl_5\debug\opengl_5.tlog\link.17452.delete.1.tlog
d:\opengl_hw_showroom\opengl_hw\open_final\opengl_5\debug\opengl_5.tlog\link.17524.delete.1.tlog
d:\opengl_hw_showroom\opengl_hw\open_final\opengl_5\debug\opengl_5.tlog\link.17528.delete.1.tlog
d:\opengl_hw_showroom\opengl_hw\open_final\opengl_5\debug\opengl_5.tlog\link.17536.delete.1.tlog
d:\opengl_hw_showroom\opengl_hw\open_final\opengl_5\debug\opengl_5.tlog\link.18040.delete.1.tlog
d:\opengl_hw_showroom\opengl_hw\open_final\opengl_5\debug\opengl_5.tlog\link.18044.delete.1.tlog
d:\opengl_hw_showroom\opengl_hw\open_final\opengl_5\debug\opengl_5.tlog\link.18244.delete.1.tlog
d:\opengl_hw_showroom\opengl_hw\open_final\opengl_5\debug\opengl_5.tlog\link.18260.delete.1.tlog
d:\opengl_hw_showroom\opengl_hw\open_final\opengl_5\debug\opengl_5.tlog\link.18448.delete.1.tlog
d:\opengl_hw_showroom\opengl_hw\open_final\opengl_5\debug\opengl_5.tlog\link.18584.delete.1.tlog
d:\opengl_hw_showroom\opengl_hw\open_final\opengl_5\debug\opengl_5.tlog\link.18652.delete.1.tlog
d:\opengl_hw_showroom\opengl_hw\open_final\opengl_5\debug\opengl_5.tlog\link.18668.delete.1.tlog
d:\opengl_hw_showroom\opengl_hw\open_final\opengl_5\debug\opengl_5.tlog\link.18728.delete.1.tlog
d:\opengl_hw_showroom\opengl_hw\open_final\opengl_5\debug\opengl_5.tlog\link.18748.delete.1.tlog
d:\opengl_hw_showroom\opengl_hw\open_final\opengl_5\debug\opengl_5.tlog\link.18796.delete.1.tlog
d:\opengl_hw_showroom\opengl_hw\open_final\opengl_5\debug\opengl_5.tlog\link.18840.delete.1.tlog
d:\opengl_hw_showroom\opengl_hw\open_final\opengl_5\debug\opengl_5.tlog\link.18908.delete.1.tlog
d:\opengl_hw_showroom\opengl_hw\open_final\opengl_5\debug\opengl_5.tlog\link.18920.delete.1.tlog
d:\opengl_hw_showroom\opengl_hw\open_final\opengl_5\debug\opengl_5.tlog\link.19216.delete.1.tlog
d:\opengl_hw_showroom\opengl_hw\open_final\opengl_5\debug\opengl_5.tlog\link.19228.delete.1.tlog
d:\opengl_hw_showroom\opengl_hw\open_final\opengl_5\debug\opengl_5.tlog\link.19256.delete.1.tlog
d:\opengl_hw_showroom\opengl_hw\open_final\opengl_5\debug\opengl_5.tlog\link.19392.delete.1.tlog
d:\opengl_hw_showroom\opengl_hw\open_final\opengl_5\debug\opengl_5.tlog\link.19580.delete.1.tlog
d:\opengl_hw_showroom\opengl_hw\open_final\opengl_5\debug\opengl_5.tlog\link.19584.delete.1.tlog
d:\opengl_hw_showroom\opengl_hw\open_final\opengl_5\debug\opengl_5.tlog\link.19612.delete.1.tlog
d:\opengl_hw_showroom\opengl_hw\open_final\opengl_5\debug\opengl_5.tlog\link.19640.delete.1.tlog
d:\opengl_hw_showroom\opengl_hw\open_final\opengl_5\debug\opengl_5.tlog\link.19660.delete.1.tlog
d:\opengl_hw_showroom\opengl_hw\open_final\opengl_5\debug\opengl_5.tlog\link.19756.delete.1.tlog
d:\opengl_hw_showroom\opengl_hw\open_final\opengl_5\debug\opengl_5.tlog\link.19792.delete.1.tlog
d:\opengl_hw_showroom\opengl_hw\open_final\opengl_5\debug\opengl_5.tlog\link.19876.delete.1.tlog
d:\opengl_hw_showroom\opengl_hw\open_final\opengl_5\debug\opengl_5.tlog\link.19884.delete.1.tlog
d:\opengl_hw_showroom\opengl_hw\open_final\opengl_5\debug\opengl_5.tlog\link.19940.delete.1.tlog
d:\opengl_hw_showroom\opengl_hw\open_final\opengl_5\debug\opengl_5.tlog\link.20000.delete.1.tlog
d:\opengl_hw_showroom\opengl_hw\open_final\opengl_5\debug\opengl_5.tlog\link.20008.delete.1.tlog
d:\opengl_hw_showroom\opengl_hw\open_final\opengl_5\debug\opengl_5.tlog\link.20048.delete.1.tlog
d:\opengl_hw_showroom\opengl_hw\open_final\opengl_5\debug\opengl_5.tlog\link.2012.delete.1.tlog
d:\opengl_hw_showroom\opengl_hw\open_final\opengl_5\debug\opengl_5.tlog\link.20156.delete.1.tlog
d:\opengl_hw_showroom\opengl_hw\open_final\opengl_5\debug\opengl_5.tlog\link.20312.delete.1.tlog
d:\opengl_hw_showroom\opengl_hw\open_final\opengl_5\debug\opengl_5.tlog\link.2032.delete.1.tlog
d:\opengl_hw_showroom\opengl_hw\open_final\opengl_5\debug\opengl_5.tlog\link.2040.delete.1.tlog
d:\opengl_hw_showroom\opengl_hw\open_final\opengl_5\debug\opengl_5.tlog\link.20496.delete.1.tlog
d:\opengl_hw_showroom\opengl_hw\open_final\opengl_5\debug\opengl_5.tlog\link.20572.delete.1.tlog
d:\opengl_hw_showroom\opengl_hw\open_final\opengl_5\debug\opengl_5.tlog\link.20624.delete.1.tlog
d:\opengl_hw_showroom\opengl_hw\open_final\opengl_5\debug\opengl_5.tlog\link.20640.delete.1.tlog
d:\opengl_hw_showroom\opengl_hw\open_final\opengl_5\debug\opengl_5.tlog\link.20724.delete.1.tlog
d:\opengl_hw_showroom\opengl_hw\open_final\opengl_5\debug\opengl_5.tlog\link.20860.delete.1.tlog
d:\opengl_hw_showroom\opengl_hw\open_final\opengl_5\debug\opengl_5.tlog\link.20892.delete.1.tlog
d:\opengl_hw_showroom\opengl_hw\open_final\opengl_5\debug\opengl_5.tlog\link.20904.delete.1.tlog
d:\opengl_hw_showroom\opengl_hw\open_final\opengl_5\debug\opengl_5.tlog\link.20920.delete.1.tlog
d:\opengl_hw_showroom\opengl_hw\open_final\opengl_5\debug\opengl_5.tlog\link.21176.delete.1.tlog
d:\opengl_hw_showroom\opengl_hw\open_final\opengl_5\debug\opengl_5.tlog\link.21268.delete.1.tlog
d:\opengl_hw_showroom\opengl_hw\open_final\opengl_5\debug\opengl_5.tlog\link.21288.delete.1.tlog
d:\opengl_hw_showroom\opengl_hw\open_final\opengl_5\debug\opengl_5.tlog\link.21440.delete.1.tlog
d:\opengl_hw_showroom\opengl_hw\open_final\opengl_5\debug\opengl_5.tlog\link.21460.delete.1.tlog
d:\opengl_hw_showroom\opengl_hw\open_final\opengl_5\debug\opengl_5.tlog\link.21500.delete.1.tlog
d:\opengl_hw_showroom\opengl_hw\open_final\opengl_5\debug\opengl_5.tlog\link.21508.delete.1.tlog
d:\opengl_hw_showroom\opengl_hw\open_final\opengl_5\debug\opengl_5.tlog\link.21572.delete.1.tlog
d:\opengl_hw_showroom\opengl_hw\open_final\opengl_5\debug\opengl_5.tlog\link.21576.delete.1.tlog
d:\opengl_hw_showroom\opengl_hw\open_final\opengl_5\debug\opengl_5.tlog\link.21688.delete.1.tlog
d:\opengl_hw_showroom\opengl_hw\open_final\opengl_5\debug\opengl_5.tlog\link.21776.delete.1.tlog
d:\opengl_hw_showroom\opengl_hw\open_final\opengl_5\debug\opengl_5.tlog\link.21780.delete.1.tlog
d:\opengl_hw_showroom\opengl_hw\open_final\opengl_5\debug\opengl_5.tlog\link.21868.delete.1.tlog
d:\opengl_hw_showroom\opengl_hw\open_final\opengl_5\debug\opengl_5.tlog\link.21880.delete.1.tlog
d:\opengl_hw_showroom\opengl_hw\open_final\opengl_5\debug\opengl_5.tlog\link.21904.delete.1.tlog
d:\opengl_hw_showroom\opengl_hw\open_final\opengl_5\debug\opengl_5.tlog\link.21912.delete.1.tlog
d:\opengl_hw_showroom\opengl_hw\open_final\opengl_5\debug\opengl_5.tlog\link.21916.delete.1.tlog
d:\opengl_hw_showroom\opengl_hw\open_final\opengl_5\debug\opengl_5.tlog\link.21944.delete.1.tlog
d:\opengl_hw_showroom\opengl_hw\open_final\opengl_5\debug\opengl_5.tlog\link.21980.delete.1.tlog
d:\opengl_hw_showroom\opengl_hw\open_final\opengl_5\debug\opengl_5.tlog\link.21996.delete.1.tlog
d:\opengl_hw_showroom\opengl_hw\open_final\opengl_5\debug\opengl_5.tlog\link.22008.delete.1.tlog
d:\opengl_hw_showroom\opengl_hw\open_final\opengl_5\debug\opengl_5.tlog\link.22044.delete.1.tlog
d:\opengl_hw_showroom\opengl_hw\open_final\opengl_5\debug\opengl_5.tlog\link.22200.delete.1.tlog
d:\opengl_hw_showroom\opengl_hw\open_final\opengl_5\debug\opengl_5.tlog\link.22304.delete.1.tlog
d:\opengl_hw_showroom\opengl_hw\open_final\opengl_5\debug\opengl_5.tlog\link.22328.delete.1.tlog
d:\opengl_hw_showroom\opengl_hw\open_final\opengl_5\debug\opengl_5.tlog\link.22368.delete.1.tlog
d:\opengl_hw_showroom\opengl_hw\open_final\opengl_5\debug\opengl_5.tlog\link.22396.delete.1.tlog
d:\opengl_hw_showroom\opengl_hw\open_final\opengl_5\debug\opengl_5.tlog\link.22428.delete.1.tlog
d:\opengl_hw_showroom\opengl_hw\open_final\opengl_5\debug\opengl_5.tlog\link.22624.delete.1.tlog
d:\opengl_hw_showroom\opengl_hw\open_final\opengl_5\debug\opengl_5.tlog\link.22716.delete.1.tlog
d:\opengl_hw_showroom\opengl_hw\open_final\opengl_5\debug\opengl_5.tlog\link.22724.delete.1.tlog
d:\opengl_hw_showroom\opengl_hw\open_final\opengl_5\debug\opengl_5.tlog\link.22736.delete.1.tlog
d:\opengl_hw_showroom\opengl_hw\open_final\opengl_5\debug\opengl_5.tlog\link.22744.delete.1.tlog
d:\opengl_hw_showroom\opengl_hw\open_final\opengl_5\debug\opengl_5.tlog\link.22768.delete.1.tlog
d:\opengl_hw_showroom\opengl_hw\open_final\opengl_5\debug\opengl_5.tlog\link.22784.delete.1.tlog
d:\opengl_hw_showroom\opengl_hw\open_final\opengl_5\debug\opengl_5.tlog\link.22820.delete.1.tlog
d:\opengl_hw_showroom\opengl_hw\open_final\opengl_5\debug\opengl_5.tlog\link.2284.delete.1.tlog
d:\opengl_hw_showroom\opengl_hw\open_final\opengl_5\debug\opengl_5.tlog\link.22960.delete.1.tlog
d:\opengl_hw_showroom\opengl_hw\open_final\opengl_5\debug\opengl_5.tlog\link.22984.delete.1.tlog
d:\opengl_hw_showroom\opengl_hw\open_final\opengl_5\debug\opengl_5.tlog\link.23008.delete.1.tlog
d:\opengl_hw_showroom\opengl_hw\open_final\opengl_5\debug\opengl_5.tlog\link.23036.delete.1.tlog
d:\opengl_hw_showroom\opengl_hw\open_final\opengl_5\debug\opengl_5.tlog\link.23052.delete.1.tlog
d:\opengl_hw_showroom\opengl_hw\open_final\opengl_5\debug\opengl_5.tlog\link.23088.delete.1.tlog
d:\opengl_hw_showroom\opengl_hw\open_final\opengl_5\debug\opengl_5.tlog\link.23108.delete.1.tlog
d:\opengl_hw_showroom\opengl_hw\open_final\opengl_5\debug\opengl_5.tlog\link.23144.delete.1.tlog
d:\opengl_hw_showroom\opengl_hw\open_final\opengl_5\debug\opengl_5.tlog\link.23152.delete.1.tlog
d:\opengl_hw_showroom\opengl_hw\open_final\opengl_5\debug\opengl_5.tlog\link.23208.delete.1.tlog
d:\opengl_hw_showroom\opengl_hw\open_final\opengl_5\debug\opengl_5.tlog\link.23216.delete.1.tlog
d:\opengl_hw_showroom\opengl_hw\open_final\opengl_5\debug\opengl_5.tlog\link.23236.delete.1.tlog
d:\opengl_hw_showroom\opengl_hw\open_final\opengl_5\debug\opengl_5.tlog\link.23256.delete.1.tlog
d:\opengl_hw_showroom\opengl_hw\open_final\opengl_5\debug\opengl_5.tlog\link.23272.delete.1.tlog
d:\opengl_hw_showroom\opengl_hw\open_final\opengl_5\debug\opengl_5.tlog\link.23296.delete.1.tlog
d:\opengl_hw_showroom\opengl_hw\open_final\opengl_5\debug\opengl_5.tlog\link.23336.delete.1.tlog
d:\opengl_hw_showroom\opengl_hw\open_final\opengl_5\debug\opengl_5.tlog\link.23384.delete.1.tlog
d:\opengl_hw_showroom\opengl_hw\open_final\opengl_5\debug\opengl_5.tlog\link.23420.delete.1.tlog
d:\opengl_hw_showroom\opengl_hw\open_final\opengl_5\debug\opengl_5.tlog\link.23424.delete.1.tlog
d:\opengl_hw_showroom\opengl_hw\open_final\opengl_5\debug\opengl_5.tlog\link.23452.delete.1.tlog
d:\opengl_hw_showroom\opengl_hw\open_final\opengl_5\debug\opengl_5.tlog\link.23524.delete.1.tlog
d:\opengl_hw_showroom\opengl_hw\open_final\opengl_5\debug\opengl_5.tlog\link.23528.delete.1.tlog
d:\opengl_hw_showroom\opengl_hw\open_final\opengl_5\debug\opengl_5.tlog\link.23532.delete.1.tlog
d:\opengl_hw_showroom\opengl_hw\open_final\opengl_5\debug\opengl_5.tlog\link.23600.delete.1.tlog
d:\opengl_hw_showroom\opengl_hw\open_final\opengl_5\debug\opengl_5.tlog\link.23604.delete.1.tlog
d:\opengl_hw_showroom\opengl_hw\open_final\opengl_5\debug\opengl_5.tlog\link.23616.delete.1.tlog
d:\opengl_hw_showroom\opengl_hw\open_final\opengl_5\debug\opengl_5.tlog\link.23716.delete.1.tlog
d:\opengl_hw_showroom\opengl_hw\open_final\opengl_5\debug\opengl_5.tlog\link.23752.delete.1.tlog
d:\opengl_hw_showroom\opengl_hw\open_final\opengl_5\debug\opengl_5.tlog\link.23832.delete.1.tlog
d:\opengl_hw_showroom\opengl_hw\open_final\opengl_5\debug\opengl_5.tlog\link.23840.delete.1.tlog
d:\opengl_hw_showroom\opengl_hw\open_final\opengl_5\debug\opengl_5.tlog\link.23908.delete.1.tlog
d:\opengl_hw_showroom\opengl_hw\open_final\opengl_5\debug\opengl_5.tlog\link.24104.delete.1.tlog
d:\opengl_hw_showroom\opengl_hw\open_final\opengl_5\debug\opengl_5.tlog\link.24156.delete.1.tlog
d:\opengl_hw_showroom\opengl_hw\open_final\opengl_5\debug\opengl_5.tlog\link.24252.delete.1.tlog
d:\opengl_hw_showroom\opengl_hw\open_final\opengl_5\debug\opengl_5.tlog\link.24256.delete.1.tlog
d:\opengl_hw_showroom\opengl_hw\open_final\opengl_5\debug\opengl_5.tlog\link.24324.delete.1.tlog
d:\opengl_hw_showroom\opengl_hw\open_final\opengl_5\debug\opengl_5.tlog\link.24440.delete.1.tlog
d:\opengl_hw_showroom\opengl_hw\open_final\opengl_5\debug\opengl_5.tlog\link.24516.delete.1.tlog
d:\opengl_hw_showroom\opengl_hw\open_final\opengl_5\debug\opengl_5.tlog\link.24564.delete.1.tlog
d:\opengl_hw_showroom\opengl_hw\open_final\opengl_5\debug\opengl_5.tlog\link.24572.delete.1.tlog
d:\opengl_hw_showroom\opengl_hw\open_final\opengl_5\debug\opengl_5.tlog\link.24660.delete.1.tlog
d:\opengl_hw_showroom\opengl_hw\open_final\opengl_5\debug\opengl_5.tlog\link.24696.delete.1.tlog
d:\opengl_hw_showroom\opengl_hw\open_final\opengl_5\debug\opengl_5.tlog\link.24784.delete.1.tlog
d:\opengl_hw_showroom\opengl_hw\open_final\opengl_5\debug\opengl_5.tlog\link.24800.delete.1.tlog
d:\opengl_hw_showroom\opengl_hw\open_final\opengl_5\debug\opengl_5.tlog\link.24824.delete.1.tlog
d:\opengl_hw_showroom\opengl_hw\open_final\opengl_5\debug\opengl_5.tlog\link.24896.delete.1.tlog
d:\opengl_hw_showroom\opengl_hw\open_final\opengl_5\debug\opengl_5.tlog\link.24916.delete.1.tlog
d:\opengl_hw_showroom\opengl_hw\open_final\opengl_5\debug\opengl_5.tlog\link.24956.delete.1.tlog
d:\opengl_hw_showroom\opengl_hw\open_final\opengl_5\debug\opengl_5.tlog\link.24964.delete.1.tlog
d:\opengl_hw_showroom\opengl_hw\open_final\opengl_5\debug\opengl_5.tlog\link.25000.delete.1.tlog
d:\opengl_hw_showroom\opengl_hw\open_final\opengl_5\debug\opengl_5.tlog\link.25024.delete.1.tlog
d:\opengl_hw_showroom\opengl_hw\open_final\opengl_5\debug\opengl_5.tlog\link.25036.delete.1.tlog
d:\opengl_hw_showroom\opengl_hw\open_final\opengl_5\debug\opengl_5.tlog\link.25072.delete.1.tlog
d:\opengl_hw_showroom\opengl_hw\open_final\opengl_5\debug\opengl_5.tlog\link.25080.delete.1.tlog
d:\opengl_hw_showroom\opengl_hw\open_final\opengl_5\debug\opengl_5.tlog\link.25224.delete.1.tlog
d:\opengl_hw_showroom\opengl_hw\open_final\opengl_5\debug\opengl_5.tlog\link.25260.delete.1.tlog
d:\opengl_hw_showroom\opengl_hw\open_final\opengl_5\debug\opengl_5.tlog\link.25276.delete.1.tlog
d:\opengl_hw_showroom\opengl_hw\open_final\opengl_5\debug\opengl_5.tlog\link.25408.delete.1.tlog
d:\opengl_hw_showroom\opengl_hw\open_final\opengl_5\debug\opengl_5.tlog\link.25432.delete.1.tlog
d:\opengl_hw_showroom\opengl_hw\open_final\opengl_5\debug\opengl_5.tlog\link.25444.delete.1.tlog
d:\opengl_hw_showroom\opengl_hw\open_final\opengl_5\debug\opengl_5.tlog\link.25488.delete.1.tlog
d:\opengl_hw_showroom\opengl_hw\open_final\opengl_5\debug\opengl_5.tlog\link.25568.delete.1.tlog
d:\opengl_hw_showroom\opengl_hw\open_final\opengl_5\debug\opengl_5.tlog\link.25772.delete.1.tlog
d:\opengl_hw_showroom\opengl_hw\open_final\opengl_5\debug\opengl_5.tlog\link.25880.delete.1.tlog
d:\opengl_hw_showroom\opengl_hw\open_final\opengl_5\debug\opengl_5.tlog\link.25884.delete.1.tlog
d:\opengl_hw_showroom\opengl_hw\open_final\opengl_5\debug\opengl_5.tlog\link.25900.delete.1.tlog
d:\opengl_hw_showroom\opengl_hw\open_final\opengl_5\debug\opengl_5.tlog\link.25912.delete.1.tlog
d:\opengl_hw_showroom\opengl_hw\open_final\opengl_5\debug\opengl_5.tlog\link.25924.delete.1.tlog
d:\opengl_hw_showroom\opengl_hw\open_final\opengl_5\debug\opengl_5.tlog\link.26008.delete.1.tlog
d:\opengl_hw_showroom\opengl_hw\open_final\opengl_5\debug\opengl_5.tlog\link.26124.delete.1.tlog
d:\opengl_hw_showroom\opengl_hw\open_final\opengl_5\debug\opengl_5.tlog\link.26140.delete.1.tlog
d:\opengl_hw_showroom\opengl_hw\open_final\opengl_5\debug\opengl_5.tlog\link.26144.delete.1.tlog
d:\opengl_hw_showroom\opengl_hw\open_final\opengl_5\debug\opengl_5.tlog\link.26148.delete.1.tlog
d:\opengl_hw_showroom\opengl_hw\open_final\opengl_5\debug\opengl_5.tlog\link.26164.delete.1.tlog
d:\opengl_hw_showroom\opengl_hw\open_final\opengl_5\debug\opengl_5.tlog\link.26268.delete.1.tlog
d:\opengl_hw_showroom\opengl_hw\open_final\opengl_5\debug\opengl_5.tlog\link.26304.delete.1.tlog
d:\opengl_hw_showroom\opengl_hw\open_final\opengl_5\debug\opengl_5.tlog\link.26336.delete.1.tlog
d:\opengl_hw_showroom\opengl_hw\open_final\opengl_5\debug\opengl_5.tlog\link.26384.delete.1.tlog
d:\opengl_hw_showroom\opengl_hw\open_final\opengl_5\debug\opengl_5.tlog\link.26388.delete.1.tlog
d:\opengl_hw_showroom\opengl_hw\open_final\opengl_5\debug\opengl_5.tlog\link.26396.delete.1.tlog
d:\opengl_hw_showroom\opengl_hw\open_final\opengl_5\debug\opengl_5.tlog\link.26416.delete.1.tlog
d:\opengl_hw_showroom\opengl_hw\open_final\opengl_5\debug\opengl_5.tlog\link.26420.delete.1.tlog
d:\opengl_hw_showroom\opengl_hw\open_final\opengl_5\debug\opengl_5.tlog\link.26584.delete.1.tlog
d:\opengl_hw_showroom\opengl_hw\open_final\opengl_5\debug\opengl_5.tlog\link.26612.delete.1.tlog
d:\opengl_hw_showroom\opengl_hw\open_final\opengl_5\debug\opengl_5.tlog\link.26648.delete.1.tlog
d:\opengl_hw_showroom\opengl_hw\open_final\opengl_5\debug\opengl_5.tlog\link.26664.delete.1.tlog
d:\opengl_hw_showroom\opengl_hw\open_final\opengl_5\debug\opengl_5.tlog\link.26684.delete.1.tlog
d:\opengl_hw_showroom\opengl_hw\open_final\opengl_5\debug\opengl_5.tlog\link.26748.delete.1.tlog
d:\opengl_hw_showroom\opengl_hw\open_final\opengl_5\debug\opengl_5.tlog\link.26816.delete.1.tlog
d:\opengl_hw_showroom\opengl_hw\open_final\opengl_5\debug\opengl_5.tlog\link.26892.delete.1.tlog
d:\opengl_hw_showroom\opengl_hw\open_final\opengl_5\debug\opengl_5.tlog\link.26944.delete.1.tlog
d:\opengl_hw_showroom\opengl_hw\open_final\opengl_5\debug\opengl_5.tlog\link.2696.delete.1.tlog
d:\opengl_hw_showroom\opengl_hw\open_final\opengl_5\debug\opengl_5.tlog\link.27060.delete.1.tlog
d:\opengl_hw_showroom\opengl_hw\open_final\opengl_5\debug\opengl_5.tlog\link.27084.delete.1.tlog
d:\opengl_hw_showroom\opengl_hw\open_final\opengl_5\debug\opengl_5.tlog\link.27188.delete.1.tlog
d:\opengl_hw_showroom\opengl_hw\open_final\opengl_5\debug\opengl_5.tlog\link.27224.delete.1.tlog
d:\opengl_hw_showroom\opengl_hw\open_final\opengl_5\debug\opengl_5.tlog\link.27368.delete.1.tlog
d:\opengl_hw_showroom\opengl_hw\open_final\opengl_5\debug\opengl_5.tlog\link.27372.delete.1.tlog
d:\opengl_hw_showroom\opengl_hw\open_final\opengl_5\debug\opengl_5.tlog\link.27412.delete.1.tlog
d:\opengl_hw_showroom\opengl_hw\open_final\opengl_5\debug\opengl_5.tlog\link.27456.delete.1.tlog
d:\opengl_hw_showroom\opengl_hw\open_final\opengl_5\debug\opengl_5.tlog\link.27460.delete.1.tlog
d:\opengl_hw_showroom\opengl_hw\open_final\opengl_5\debug\opengl_5.tlog\link.27688.delete.1.tlog
d:\opengl_hw_showroom\opengl_hw\open_final\opengl_5\debug\opengl_5.tlog\link.27712.delete.1.tlog
d:\opengl_hw_showroom\opengl_hw\open_final\opengl_5\debug\opengl_5.tlog\link.27736.delete.1.tlog
d:\opengl_hw_showroom\opengl_hw\open_final\opengl_5\debug\opengl_5.tlog\link.27744.delete.1.tlog
d:\opengl_hw_showroom\opengl_hw\open_final\opengl_5\debug\opengl_5.tlog\link.27772.delete.1.tlog
d:\opengl_hw_showroom\opengl_hw\open_final\opengl_5\debug\opengl_5.tlog\link.27792.delete.1.tlog
d:\opengl_hw_showroom\opengl_hw\open_final\opengl_5\debug\opengl_5.tlog\link.27852.delete.1.tlog
d:\opengl_hw_showroom\opengl_hw\open_final\opengl_5\debug\opengl_5.tlog\link.27860.delete.1.tlog
d:\opengl_hw_showroom\opengl_hw\open_final\opengl_5\debug\opengl_5.tlog\link.2788.delete.1.tlog
d:\opengl_hw_showroom\opengl_hw\open_final\opengl_5\debug\opengl_5.tlog\link.27896.delete.1.tlog
d:\opengl_hw_showroom\opengl_hw\open_final\opengl_5\debug\opengl_5.tlog\link.27908.delete.1.tlog
d:\opengl_hw_showroom\opengl_hw\open_final\opengl_5\debug\opengl_5.tlog\link.27972.delete.1.tlog
d:\opengl_hw_showroom\opengl_hw\open_final\opengl_5\debug\opengl_5.tlog\link.28064.delete.1.tlog
d:\opengl_hw_showroom\opengl_hw\open_final\opengl_5\debug\opengl_5.tlog\link.28124.delete.1.tlog
d:\opengl_hw_showroom\opengl_hw\open_final\opengl_5\debug\opengl_5.tlog\link.28140.delete.1.tlog
d:\opengl_hw_showroom\opengl_hw\open_final\opengl_5\debug\opengl_5.tlog\link.28236.delete.1.tlog
d:\opengl_hw_showroom\opengl_hw\open_final\opengl_5\debug\opengl_5.tlog\link.28240.delete.1.tlog
d:\opengl_hw_showroom\opengl_hw\open_final\opengl_5\debug\opengl_5.tlog\link.28280.delete.1.tlog
d:\opengl_hw_showroom\opengl_hw\open_final\opengl_5\debug\opengl_5.tlog\link.28312.delete.1.tlog
d:\opengl_hw_showroom\opengl_hw\open_final\opengl_5\debug\opengl_5.tlog\link.28368.delete.1.tlog
d:\opengl_hw_showroom\opengl_hw\open_final\opengl_5\debug\opengl_5.tlog\link.28480.delete.1.tlog
d:\opengl_hw_showroom\opengl_hw\open_final\opengl_5\debug\opengl_5.tlog\link.28552.delete.1.tlog
d:\opengl_hw_showroom\opengl_hw\open_final\opengl_5\debug\opengl_5.tlog\link.28556.delete.1.tlog
d:\opengl_hw_showroom\opengl_hw\open_final\opengl_5\debug\opengl_5.tlog\link.28572.delete.1.tlog
d:\opengl_hw_showroom\opengl_hw\open_final\opengl_5\debug\opengl_5.tlog\link.28696.delete.1.tlog
d:\opengl_hw_showroom\opengl_hw\open_final\opengl_5\debug\opengl_5.tlog\link.28744.delete.1.tlog
d:\opengl_hw_showroom\opengl_hw\open_final\opengl_5\debug\opengl_5.tlog\link.28792.delete.1.tlog
d:\opengl_hw_showroom\opengl_hw\open_final\opengl_5\debug\opengl_5.tlog\link.28868.delete.1.tlog
d:\opengl_hw_showroom\opengl_hw\open_final\opengl_5\debug\opengl_5.tlog\link.28920.delete.1.tlog
d:\opengl_hw_showroom\opengl_hw\open_final\opengl_5\debug\opengl_5.tlog\link.28936.delete.1.tlog
d:\opengl_hw_showroom\opengl_hw\open_final\opengl_5\debug\opengl_5.tlog\link.29072.delete.1.tlog
d:\opengl_hw_showroom\opengl_hw\open_final\opengl_5\debug\opengl_5.tlog\link.29200.delete.1.tlog
d:\opengl_hw_showroom\opengl_hw\open_final\opengl_5\debug\opengl_5.tlog\link.29204.delete.1.tlog
d:\opengl_hw_showroom\opengl_hw\open_final\opengl_5\debug\opengl_5.tlog\link.29356.delete.1.tlog
d:\opengl_hw_showroom\opengl_hw\open_final\opengl_5\debug\opengl_5.tlog\link.29556.delete.1.tlog
d:\opengl_hw_showroom\opengl_hw\open_final\opengl_5\debug\opengl_5.tlog\link.29580.delete.1.tlog
d:\opengl_hw_showroom\opengl_hw\open_final\opengl_5\debug\opengl_5.tlog\link.29640.delete.1.tlog
d:\opengl_hw_showroom\opengl_hw\open_final\opengl_5\debug\opengl_5.tlog\link.29832.delete.1.tlog
d:\opengl_hw_showroom\opengl_hw\open_final\opengl_5\debug\opengl_5.tlog\link.29980.delete.1.tlog
d:\opengl_hw_showroom\opengl_hw\open_final\opengl_5\debug\opengl_5.tlog\link.30228.delete.1.tlog
d:\opengl_hw_showroom\opengl_hw\open_final\opengl_5\debug\opengl_5.tlog\link.30336.delete.1.tlog
d:\opengl_hw_showroom\opengl_hw\open_final\opengl_5\debug\opengl_5.tlog\link.30436.delete.1.tlog
d:\opengl_hw_showroom\opengl_hw\open_final\opengl_5\debug\opengl_5.tlog\link.30444.delete.1.tlog
d:\opengl_hw_showroom\opengl_hw\open_final\opengl_5\debug\opengl_5.tlog\link.30524.delete.1.tlog
d:\opengl_hw_showroom\opengl_hw\open_final\opengl_5\debug\opengl_5.tlog\link.30536.delete.1.tlog
d:\opengl_hw_showroom\opengl_hw\open_final\opengl_5\debug\opengl_5.tlog\link.30552.delete.1.tlog
d:\opengl_hw_showroom\opengl_hw\open_final\opengl_5\debug\opengl_5.tlog\link.30620.delete.1.tlog
d:\opengl_hw_showroom\opengl_hw\open_final\opengl_5\debug\opengl_5.tlog\link.30624.delete.1.tlog
d:\opengl_hw_showroom\opengl_hw\open_final\opengl_5\debug\opengl_5.tlog\link.30696.delete.1.tlog
d:\opengl_hw_showroom\opengl_hw\open_final\opengl_5\debug\opengl_5.tlog\link.30836.delete.1.tlog
d:\opengl_hw_showroom\opengl_hw\open_final\opengl_5\debug\opengl_5.tlog\link.31156.delete.1.tlog
d:\opengl_hw_showroom\opengl_hw\open_final\opengl_5\debug\opengl_5.tlog\link.3120.delete.1.tlog
d:\opengl_hw_showroom\opengl_hw\open_final\opengl_5\debug\opengl_5.tlog\link.31696.delete.1.tlog
d:\opengl_hw_showroom\opengl_hw\open_final\opengl_5\debug\opengl_5.tlog\link.31872.delete.1.tlog
d:\opengl_hw_showroom\opengl_hw\open_final\opengl_5\debug\opengl_5.tlog\link.31920.delete.1.tlog
d:\opengl_hw_showroom\opengl_hw\open_final\opengl_5\debug\opengl_5.tlog\link.31948.delete.1.tlog
d:\opengl_hw_showroom\opengl_hw\open_final\opengl_5\debug\opengl_5.tlog\link.31972.delete.1.tlog
d:\opengl_hw_showroom\opengl_hw\open_final\opengl_5\debug\opengl_5.tlog\link.32076.delete.1.tlog
d:\opengl_hw_showroom\opengl_hw\open_final\opengl_5\debug\opengl_5.tlog\link.32156.delete.1.tlog
d:\opengl_hw_showroom\opengl_hw\open_final\opengl_5\debug\opengl_5.tlog\link.32264.delete.1.tlog
d:\opengl_hw_showroom\opengl_hw\open_final\opengl_5\debug\opengl_5.tlog\link.32288.delete.1.tlog
d:\opengl_hw_showroom\opengl_hw\open_final\opengl_5\debug\opengl_5.tlog\link.32548.delete.1.tlog
d:\opengl_hw_showroom\opengl_hw\open_final\opengl_5\debug\opengl_5.tlog\link.32948.delete.1.tlog
d:\opengl_hw_showroom\opengl_hw\open_final\opengl_5\debug\opengl_5.tlog\link.33384.delete.1.tlog
d:\opengl_hw_showroom\opengl_hw\open_final\opengl_5\debug\opengl_5.tlog\link.33628.delete.1.tlog
d:\opengl_hw_showroom\opengl_hw\open_final\opengl_5\debug\opengl_5.tlog\link.33668.delete.1.tlog
d:\opengl_hw_showroom\opengl_hw\open_final\opengl_5\debug\opengl_5.tlog\link.33756.delete.1.tlog
d:\opengl_hw_showroom\opengl_hw\open_final\opengl_5\debug\opengl_5.tlog\link.33992.delete.1.tlog
d:\opengl_hw_showroom\opengl_hw\open_final\opengl_5\debug\opengl_5.tlog\link.34112.delete.1.tlog
d:\opengl_hw_showroom\opengl_hw\open_final\opengl_5\debug\opengl_5.tlog\link.34176.delete.1.tlog
d:\opengl_hw_showroom\opengl_hw\open_final\opengl_5\debug\opengl_5.tlog\link.34232.delete.1.tlog
d:\opengl_hw_showroom\opengl_hw\open_final\opengl_5\debug\opengl_5.tlog\link.3520.delete.1.tlog
d:\opengl_hw_showroom\opengl_hw\open_final\opengl_5\debug\opengl_5.tlog\link.35724.delete.1.tlog
d:\opengl_hw_showroom\opengl_hw\open_final\opengl_5\debug\opengl_5.tlog\link.3604.delete.1.tlog
d:\opengl_hw_showroom\opengl_hw\open_final\opengl_5\debug\opengl_5.tlog\link.36380.delete.1.tlog
d:\opengl_hw_showroom\opengl_hw\open_final\opengl_5\debug\opengl_5.tlog\link.36928.delete.1.tlog
d:\opengl_hw_showroom\opengl_hw\open_final\opengl_5\debug\opengl_5.tlog\link.36948.delete.1.tlog
d:\opengl_hw_showroom\opengl_hw\open_final\opengl_5\debug\opengl_5.tlog\link.37116.delete.1.tlog
d:\opengl_hw_showroom\opengl_hw\open_final\opengl_5\debug\opengl_5.tlog\link.37220.delete.1.tlog
d:\opengl_hw_showroom\opengl_hw\open_final\opengl_5\debug\opengl_5.tlog\link.37264.delete.1.tlog
d:\opengl_hw_showroom\opengl_hw\open_final\opengl_5\debug\opengl_5.tlog\link.37300.delete.1.tlog
d:\opengl_hw_showroom\opengl_hw\open_final\opengl_5\debug\opengl_5.tlog\link.37756.delete.1.tlog
d:\opengl_hw_showroom\opengl_hw\open_final\opengl_5\debug\opengl_5.tlog\link.37800.delete.1.tlog
d:\opengl_hw_showroom\opengl_hw\open_final\opengl_5\debug\opengl_5.tlog\link.37944.delete.1.tlog
d:\opengl_hw_showroom\opengl_hw\open_final\opengl_5\debug\opengl_5.tlog\link.38040.delete.1.tlog
d:\opengl_hw_showroom\opengl_hw\open_final\opengl_5\debug\opengl_5.tlog\link.38264.delete.1.tlog
d:\opengl_hw_showroom\opengl_hw\open_final\opengl_5\debug\opengl_5.tlog\link.38332.delete.1.tlog
d:\opengl_hw_showroom\opengl_hw\open_final\opengl_5\debug\opengl_5.tlog\link.38680.delete.1.tlog
d:\opengl_hw_showroom\opengl_hw\open_final\opengl_5\debug\opengl_5.tlog\link.3888.delete.1.tlog
d:\opengl_hw_showroom\opengl_hw\open_final\opengl_5\debug\opengl_5.tlog\link.39124.delete.1.tlog
d:\opengl_hw_showroom\opengl_hw\open_final\opengl_5\debug\opengl_5.tlog\link.39152.delete.1.tlog
d:\opengl_hw_showroom\opengl_hw\open_final\opengl_5\debug\opengl_5.tlog\link.39252.delete.1.tlog
d:\opengl_hw_showroom\opengl_hw\open_final\opengl_5\debug\opengl_5.tlog\link.39780.delete.1.tlog
d:\opengl_hw_showroom\opengl_hw\open_final\opengl_5\debug\opengl_5.tlog\link.4008.delete.1.tlog
d:\opengl_hw_showroom\opengl_hw\open_final\opengl_5\debug\opengl_5.tlog\link.4072.delete.1.tlog
d:\opengl_hw_showroom\opengl_hw\open_final\opengl_5\debug\opengl_5.tlog\link.4292.delete.1.tlog
d:\opengl_hw_showroom\opengl_hw\open_final\opengl_5\debug\opengl_5.tlog\link.5060.delete.1.tlog
d:\opengl_hw_showroom\opengl_hw\open_final\opengl_5\debug\opengl_5.tlog\link.5124.delete.1.tlog
d:\opengl_hw_showroom\opengl_hw\open_final\opengl_5\debug\opengl_5.tlog\link.5208.delete.1.tlog
d:\opengl_hw_showroom\opengl_hw\open_final\opengl_5\debug\opengl_5.tlog\link.5324.delete.1.tlog
d:\opengl_hw_showroom\opengl_hw\open_final\opengl_5\debug\opengl_5.tlog\link.5376.delete.1.tlog
d:\opengl_hw_showroom\opengl_hw\open_final\opengl_5\debug\opengl_5.tlog\link.5468.delete.1.tlog
d:\opengl_hw_showroom\opengl_hw\open_final\opengl_5\debug\opengl_5.tlog\link.5532.delete.1.tlog
d:\opengl_hw_showroom\opengl_hw\open_final\opengl_5\debug\opengl_5.tlog\link.5548.delete.1.tlog
d:\opengl_hw_showroom\opengl_hw\open_final\opengl_5\debug\opengl_5.tlog\link.556.delete.1.tlog
d:\opengl_hw_showroom\opengl_hw\open_final\opengl_5\debug\opengl_5.tlog\link.5652.delete.1.tlog
d:\opengl_hw_showroom\opengl_hw\open_final\opengl_5\debug\opengl_5.tlog\link.5908.delete.1.tlog
d:\opengl_hw_showroom\opengl_hw\open_final\opengl_5\debug\opengl_5.tlog\link.6336.delete.1.tlog
d:\opengl_hw_showroom\opengl_hw\open_final\opengl_5\debug\opengl_5.tlog\link.6456.delete.1.tlog
d:\opengl_hw_showroom\opengl_hw\open_final\opengl_5\debug\opengl_5.tlog\link.6472.delete.1.tlog
d:\opengl_hw_showroom\opengl_hw\open_final\opengl_5\debug\opengl_5.tlog\link.6488.delete.1.tlog
d:\opengl_hw_showroom\opengl_hw\open_final\opengl_5\debug\opengl_5.tlog\link.6512.delete.1.tlog
d:\opengl_hw_showroom\opengl_hw\open_final\opengl_5\debug\opengl_5.tlog\link.6556.delete.1.tlog
d:\opengl_hw_showroom\opengl_hw\open_final\opengl_5\debug\opengl_5.tlog\link.6864.delete.1.tlog
d:\opengl_hw_showroom\opengl_hw\open_final\opengl_5\debug\opengl_5.tlog\link.7080.delete.1.tlog
d:\opengl_hw_showroom\opengl_hw\open_final\opengl_5\debug\opengl_5.tlog\link.7280.delete.1.tlog
d:\opengl_hw_showroom\opengl_hw\open_final\opengl_5\debug\opengl_5.tlog\link.7320.delete.1.tlog
d:\opengl_hw_showroom\opengl_hw\open_final\opengl_5\debug\opengl_5.tlog\link.7548.delete.1.tlog
d:\opengl_hw_showroom\opengl_hw\open_final\opengl_5\debug\opengl_5.tlog\link.7584.delete.1.tlog
d:\opengl_hw_showroom\opengl_hw\open_final\opengl_5\debug\opengl_5.tlog\link.7676.delete.1.tlog
d:\opengl_hw_showroom\opengl_hw\open_final\opengl_5\debug\opengl_5.tlog\link.7824.delete.1.tlog
d:\opengl_hw_showroom\opengl_hw\open_final\opengl_5\debug\opengl_5.tlog\link.788.delete.1.tlog
d:\opengl_hw_showroom\opengl_hw\open_final\opengl_5\debug\opengl_5.tlog\link.7952.delete.1.tlog
d:\opengl_hw_showroom\opengl_hw\open_final\opengl_5\debug\opengl_5.tlog\link.8216.delete.1.tlog
d:\opengl_hw_showroom\opengl_hw\open_final\opengl_5\debug\opengl_5.tlog\link.8316.delete.1.tlog
d:\opengl_hw_showroom\opengl_hw\open_final\opengl_5\debug\opengl_5.tlog\link.8320.delete.1.tlog
d:\opengl_hw_showroom\opengl_hw\open_final\opengl_5\debug\opengl_5.tlog\link.8400.delete.1.tlog
d:\opengl_hw_showroom\opengl_hw\open_final\opengl_5\debug\opengl_5.tlog\link.8508.delete.1.tlog
d:\opengl_hw_showroom\opengl_hw\open_final\opengl_5\debug\opengl_5.tlog\link.8516.delete.1.tlog
d:\opengl_hw_showroom\opengl_hw\open_final\opengl_5\debug\opengl_5.tlog\link.8544.delete.1.tlog
d:\opengl_hw_showroom\opengl_hw\open_final\opengl_5\debug\opengl_5.tlog\link.8564.delete.1.tlog
d:\opengl_hw_showroom\opengl_hw\open_final\opengl_5\debug\opengl_5.tlog\link.8624.delete.1.tlog
d:\opengl_hw_showroom\opengl_hw\open_final\opengl_5\debug\opengl_5.tlog\link.8652.delete.1.tlog
d:\opengl_hw_showroom\opengl_hw\open_final\opengl_5\debug\opengl_5.tlog\link.8672.delete.1.tlog
d:\opengl_hw_showroom\opengl_hw\open_final\opengl_5\debug\opengl_5.tlog\link.8676.delete.1.tlog
d:\opengl_hw_showroom\opengl_hw\open_final\opengl_5\debug\opengl_5.tlog\link.8736.delete.1.tlog
d:\opengl_hw_showroom\opengl_hw\open_final\opengl_5\debug\opengl_5.tlog\link.8940.delete.1.tlog
d:\opengl_hw_showroom\opengl_hw\open_final\opengl_5\debug\opengl_5.tlog\link.9020.delete.1.tlog
d:\opengl_hw_showroom\opengl_hw\open_final\opengl_5\debug\opengl_5.tlog\link.9184.delete.1.tlog
d:\opengl_hw_showroom\opengl_hw\open_final\opengl_5\debug\opengl_5.tlog\link.9264.delete.1.tlog
d:\opengl_hw_showroom\opengl_hw\open_final\opengl_5\debug\opengl_5.tlog\link.9312.delete.1.tlog
d:\opengl_hw_showroom\opengl_hw\open_final\opengl_5\debug\opengl_5.tlog\link.9316.delete.1.tlog
d:\opengl_hw_showroom\opengl_hw\open_final\opengl_5\debug\opengl_5.tlog\link.9344.delete.1.tlog
d:\opengl_hw_showroom\opengl_hw\open_final\opengl_5\debug\opengl_5.tlog\link.9456.delete.1.tlog
d:\opengl_hw_showroom\opengl_hw\open_final\opengl_5\debug\opengl_5.tlog\link.9476.delete.1.tlog
d:\opengl_hw_showroom\opengl_hw\open_final\opengl_5\debug\opengl_5.tlog\link.9512.delete.1.tlog
d:\opengl_hw_showroom\opengl_hw\open_final\opengl_5\debug\opengl_5.tlog\link.9636.delete.1.tlog
d:\opengl_hw_showroom\opengl_hw\open_final\opengl_5\debug\opengl_5.tlog\link.9700.delete.1.tlog
d:\opengl_hw_showroom\opengl_hw\open_final\opengl_5\debug\opengl_5.tlog\link.9800.delete.1.tlog
d:\opengl_hw_showroom\opengl_hw\open_final\opengl_5\debug\opengl_5.tlog\link.9956.delete.1.tlog
d:\opengl_hw_showroom\opengl_hw\open_final\opengl_5\debug\opengl_5.tlog\link.command.1.tlog
d:\opengl_hw_showroom\opengl_hw\open_final\opengl_5\debug\opengl_5.tlog\link.read.1.tlog
d:\opengl_hw_showroom\opengl_hw\open_final\opengl_5\debug\opengl_5.tlog\link.write.1.tlog
